This is pdfTeX, Version 3.141592653-2.6-1.40.23 (TeX Live 2021/W32TeX) (preloaded format=pdflatex 2021.12.6)  8 DEC 2022 11:25
entering extended mode
 restricted \write18 enabled.
 file:line:error style messages enabled.
 %&-line parsing enabled.
**"c:/Users/D-GAMING-MACHINE/Documents/U-Ottawa/Modules/ELG 4539 Electronique III/Projet/ELG4539_trottoir/Report/Final_Report.tex"
(c:/Users/D-GAMING-MACHINE/Documents/U-Ottawa/Modules/ELG 4539 Electronique III/Projet/ELG4539_trottoir/Report/Final_Report.tex
LaTeX2e <2021-11-15>
L3 programming layer <2021-11-22> (./IEEEtran.cls
Document Class: IEEEtran 2015/08/26 V1.8b by Michael Shell
-- See the "IEEEtran_HOWTO" manual for usage information.
-- http://www.michaelshell.org/tex/ieeetran/
\@IEEEtrantmpdimenA=\dimen138
\@IEEEtrantmpdimenB=\dimen139
\@IEEEtrantmpdimenC=\dimen140
\@IEEEtrantmpcountA=\count183
\@IEEEtrantmpcountB=\count184
\@IEEEtrantmpcountC=\count185
\@IEEEtrantmptoksA=\toks16
LaTeX Font Info:    Trying to load font information for OT1+ptm on input line 503.
(c:/texlive/2021/texmf-dist/tex/latex/psnfss/ot1ptm.fd
File: ot1ptm.fd 2001/06/04 font definitions for OT1/ptm.
)
-- Using 8.5in x 11in (letter) paper.
-- Using PDF output.
\@IEEEnormalsizeunitybaselineskip=\dimen141
-- This is a 10 point document.
\CLASSINFOnormalsizebaselineskip=\dimen142
\CLASSINFOnormalsizeunitybaselineskip=\dimen143
\IEEEnormaljot=\dimen144
LaTeX Font Info:    Font shape `OT1/ptm/bx/n' in size <5> not available
(Font)              Font shape `OT1/ptm/b/n' tried instead on input line 1090.
LaTeX Font Info:    Font shape `OT1/ptm/bx/it' in size <5> not available
(Font)              Font shape `OT1/ptm/b/it' tried instead on input line 1090.
LaTeX Font Info:    Font shape `OT1/ptm/bx/n' in size <7> not available
(Font)              Font shape `OT1/ptm/b/n' tried instead on input line 1090.
LaTeX Font Info:    Font shape `OT1/ptm/bx/it' in size <7> not available
(Font)              Font shape `OT1/ptm/b/it' tried instead on input line 1090.
LaTeX Font Info:    Font shape `OT1/ptm/bx/n' in size <8> not available
(Font)              Font shape `OT1/ptm/b/n' tried instead on input line 1090.
LaTeX Font Info:    Font shape `OT1/ptm/bx/it' in size <8> not available
(Font)              Font shape `OT1/ptm/b/it' tried instead on input line 1090.
LaTeX Font Info:    Font shape `OT1/ptm/bx/n' in size <9> not available
(Font)              Font shape `OT1/ptm/b/n' tried instead on input line 1090.
LaTeX Font Info:    Font shape `OT1/ptm/bx/it' in size <9> not available
(Font)              Font shape `OT1/ptm/b/it' tried instead on input line 1090.
LaTeX Font Info:    Font shape `OT1/ptm/bx/n' in size <10> not available
(Font)              Font shape `OT1/ptm/b/n' tried instead on input line 1090.
LaTeX Font Info:    Font shape `OT1/ptm/bx/it' in size <10> not available
(Font)              Font shape `OT1/ptm/b/it' tried instead on input line 1090.
LaTeX Font Info:    Font shape `OT1/ptm/bx/n' in size <11> not available
(Font)              Font shape `OT1/ptm/b/n' tried instead on input line 1090.
LaTeX Font Info:    Font shape `OT1/ptm/bx/it' in size <11> not available
(Font)              Font shape `OT1/ptm/b/it' tried instead on input line 1090.
LaTeX Font Info:    Font shape `OT1/ptm/bx/n' in size <12> not available
(Font)              Font shape `OT1/ptm/b/n' tried instead on input line 1090.
LaTeX Font Info:    Font shape `OT1/ptm/bx/it' in size <12> not available
(Font)              Font shape `OT1/ptm/b/it' tried instead on input line 1090.
LaTeX Font Info:    Font shape `OT1/ptm/bx/n' in size <17> not available
(Font)              Font shape `OT1/ptm/b/n' tried instead on input line 1090.
LaTeX Font Info:    Font shape `OT1/ptm/bx/it' in size <17> not available
(Font)              Font shape `OT1/ptm/b/it' tried instead on input line 1090.
LaTeX Font Info:    Font shape `OT1/ptm/bx/n' in size <20> not available
(Font)              Font shape `OT1/ptm/b/n' tried instead on input line 1090.
LaTeX Font Info:    Font shape `OT1/ptm/bx/it' in size <20> not available
(Font)              Font shape `OT1/ptm/b/it' tried instead on input line 1090.
LaTeX Font Info:    Font shape `OT1/ptm/bx/n' in size <24> not available
(Font)              Font shape `OT1/ptm/b/n' tried instead on input line 1090.
LaTeX Font Info:    Font shape `OT1/ptm/bx/it' in size <24> not available
(Font)              Font shape `OT1/ptm/b/it' tried instead on input line 1090.
\IEEEquantizedlength=\dimen145
\IEEEquantizedlengthdiff=\dimen146
\IEEEquantizedtextheightdiff=\dimen147
\IEEEilabelindentA=\dimen148
\IEEEilabelindentB=\dimen149
\IEEEilabelindent=\dimen150
\IEEEelabelindent=\dimen151
\IEEEdlabelindent=\dimen152
\IEEElabelindent=\dimen153
\IEEEiednormlabelsep=\dimen154
\IEEEiedmathlabelsep=\dimen155
\IEEEiedtopsep=\skip47
\c@section=\count186
\c@subsection=\count187
\c@subsubsection=\count188
\c@paragraph=\count189
\c@IEEEsubequation=\count190
\abovecaptionskip=\skip48
\belowcaptionskip=\skip49
\c@figure=\count191
\c@table=\count192
\@IEEEeqnnumcols=\count193
\@IEEEeqncolcnt=\count194
\@IEEEsubeqnnumrollback=\count195
\@IEEEquantizeheightA=\dimen156
\@IEEEquantizeheightB=\dimen157
\@IEEEquantizeheightC=\dimen158
\@IEEEquantizeprevdepth=\dimen159
\@IEEEquantizemultiple=\count196
\@IEEEquantizeboxA=\box50
\@IEEEtmpitemindent=\dimen160
\IEEEPARstartletwidth=\dimen161
\c@IEEEbiography=\count197
\@IEEEtranrubishbin=\box51
)
** ATTENTION: Overriding command lockouts (line 2).
(c:/texlive/2021/texmf-dist/tex/latex/cite/cite.sty
LaTeX Info: Redefining \cite on input line 302.
LaTeX Info: Redefining \nocite on input line 332.
Package: cite 2015/02/27  v 5.5
) (c:/texlive/2021/texmf-dist/tex/latex/amsmath/amsmath.sty
Package: amsmath 2021/10/15 v2.17l AMS math features
\@mathmargin=\skip50

For additional information on amsmath, use the `?' option.
(c:/texlive/2021/texmf-dist/tex/latex/amsmath/amstext.sty
Package: amstext 2021/08/26 v2.01 AMS text
 (c:/texlive/2021/texmf-dist/tex/latex/amsmath/amsgen.sty
File: amsgen.sty 1999/11/30 v2.0 generic functions
\@emptytoks=\toks17
\ex@=\dimen162
)) (c:/texlive/2021/texmf-dist/tex/latex/amsmath/amsbsy.sty
Package: amsbsy 1999/11/29 v1.2d Bold Symbols
\pmbraise@=\dimen163
) (c:/texlive/2021/texmf-dist/tex/latex/amsmath/amsopn.sty
Package: amsopn 2021/08/26 v2.02 operator names
)
\inf@bad=\count198
LaTeX Info: Redefining \frac on input line 234.
\uproot@=\count199
\leftroot@=\count266
LaTeX Info: Redefining \overline on input line 399.
\classnum@=\count267
\DOTSCASE@=\count268
LaTeX Info: Redefining \ldots on input line 496.
LaTeX Info: Redefining \dots on input line 499.
LaTeX Info: Redefining \cdots on input line 620.
\Mathstrutbox@=\box52
\strutbox@=\box53
\big@size=\dimen164
LaTeX Font Info:    Redeclaring font encoding OML on input line 743.
LaTeX Font Info:    Redeclaring font encoding OMS on input line 744.
\macc@depth=\count269
\c@MaxMatrixCols=\count270
\dotsspace@=\muskip16
\c@parentequation=\count271
\dspbrk@lvl=\count272
\tag@help=\toks18
\row@=\count273
\column@=\count274
\maxfields@=\count275
\andhelp@=\toks19
\eqnshift@=\dimen165
\alignsep@=\dimen166
\tagshift@=\dimen167
\tagwidth@=\dimen168
\totwidth@=\dimen169
\lineht@=\dimen170
\@envbody=\toks20
\multlinegap=\skip51
\multlinetaggap=\skip52
\mathdisplay@stack=\toks21
LaTeX Info: Redefining \[ on input line 2938.
LaTeX Info: Redefining \] on input line 2939.
) (c:/texlive/2021/texmf-dist/tex/latex/amsfonts/amssymb.sty
Package: amssymb 2013/01/14 v3.01 AMS font symbols
 (c:/texlive/2021/texmf-dist/tex/latex/amsfonts/amsfonts.sty
Package: amsfonts 2013/01/14 v3.01 Basic AMSFonts support
\symAMSa=\mathgroup4
\symAMSb=\mathgroup5
LaTeX Font Info:    Redeclaring math symbol \hbar on input line 98.
LaTeX Font Info:    Overwriting math alphabet `\mathfrak' in version `bold'
(Font)                  U/euf/m/n --> U/euf/b/n on input line 106.
)) (c:/texlive/2021/texmf-dist/tex/latex/algorithms/algorithmic.sty
Package: algorithmic 2009/08/24 v0.1 Document Style `algorithmic'
 (c:/texlive/2021/texmf-dist/tex/latex/base/ifthen.sty
Package: ifthen 2020/11/24 v1.1c Standard LaTeX ifthen package (DPC)
) (c:/texlive/2021/texmf-dist/tex/latex/graphics/keyval.sty
Package: keyval 2014/10/28 v1.15 key=value parser (DPC)
\KV@toks@=\toks22
)
\c@ALC@unique=\count276
\c@ALC@line=\count277
\c@ALC@rem=\count278
\c@ALC@depth=\count279
\ALC@tlm=\skip53
\algorithmicindent=\skip54
) (c:/texlive/2021/texmf-dist/tex/latex/graphics/graphicx.sty
Package: graphicx 2021/09/16 v1.2d Enhanced LaTeX Graphics (DPC,SPQR)
 (c:/texlive/2021/texmf-dist/tex/latex/graphics/graphics.sty
Package: graphics 2021/03/04 v1.4d Standard LaTeX Graphics (DPC,SPQR)
 (c:/texlive/2021/texmf-dist/tex/latex/graphics/trig.sty
Package: trig 2021/08/11 v1.11 sin cos tan (DPC)
) (c:/texlive/2021/texmf-dist/tex/latex/graphics-cfg/graphics.cfg
File: graphics.cfg 2016/06/04 v1.11 sample graphics configuration
)
Package graphics Info: Driver file: pdftex.def on input line 107.
 (c:/texlive/2021/texmf-dist/tex/latex/graphics-def/pdftex.def
File: pdftex.def 2020/10/05 v1.2a Graphics/color driver for pdftex
))
\Gin@req@height=\dimen171
\Gin@req@width=\dimen172
) (c:/texlive/2021/texmf-dist/tex/latex/base/textcomp.sty
Package: textcomp 2020/02/02 v2.0n Standard LaTeX package
) (c:/texlive/2021/texmf-dist/tex/latex/xcolor/xcolor.sty
Package: xcolor 2021/10/31 v2.13 LaTeX color extensions (UK)
 (c:/texlive/2021/texmf-dist/tex/latex/graphics-cfg/color.cfg
File: color.cfg 2016/01/02 v1.6 sample color configuration
)
Package xcolor Info: Driver file: pdftex.def on input line 227.
Package xcolor Info: Model `cmy' substituted by `cmy0' on input line 1352.
Package xcolor Info: Model `hsb' substituted by `rgb' on input line 1356.
Package xcolor Info: Model `RGB' extended on input line 1368.
Package xcolor Info: Model `HTML' substituted by `rgb' on input line 1370.
Package xcolor Info: Model `Hsb' substituted by `hsb' on input line 1371.
Package xcolor Info: Model `tHsb' substituted by `hsb' on input line 1372.
Package xcolor Info: Model `HSB' substituted by `hsb' on input line 1373.
Package xcolor Info: Model `Gray' substituted by `gray' on input line 1374.
Package xcolor Info: Model `wave' substituted by `hsb' on input line 1375.
) (c:/texlive/2021/texmf-dist/tex/latex/orcidlink/orcidlink.sty
Package: orcidlink 2021/06/11 v1.0.4 Linked ORCiD logo macro package
 (c:/texlive/2021/texmf-dist/tex/latex/hyperref/hyperref.sty
Package: hyperref 2021-06-07 v7.00m Hypertext links for LaTeX
 (c:/texlive/2021/texmf-dist/tex/generic/ltxcmds/ltxcmds.sty
Package: ltxcmds 2020-05-10 v1.25 LaTeX kernel commands for general use (HO)
) (c:/texlive/2021/texmf-dist/tex/generic/iftex/iftex.sty
Package: iftex 2020/03/06 v1.0d TeX engine tests
) (c:/texlive/2021/texmf-dist/tex/generic/pdftexcmds/pdftexcmds.sty
Package: pdftexcmds 2020-06-27 v0.33 Utility functions of pdfTeX for LuaTeX (HO)
 (c:/texlive/2021/texmf-dist/tex/generic/infwarerr/infwarerr.sty
Package: infwarerr 2019/12/03 v1.5 Providing info/warning/error messages (HO)
)
Package pdftexcmds Info: \pdf@primitive is available.
Package pdftexcmds Info: \pdf@ifprimitive is available.
Package pdftexcmds Info: \pdfdraftmode found.
) (c:/texlive/2021/texmf-dist/tex/generic/kvsetkeys/kvsetkeys.sty
Package: kvsetkeys 2019/12/15 v1.18 Key value parser (HO)
) (c:/texlive/2021/texmf-dist/tex/generic/kvdefinekeys/kvdefinekeys.sty
Package: kvdefinekeys 2019-12-19 v1.6 Define keys (HO)
) (c:/texlive/2021/texmf-dist/tex/generic/pdfescape/pdfescape.sty
Package: pdfescape 2019/12/09 v1.15 Implements pdfTeX's escape features (HO)
) (c:/texlive/2021/texmf-dist/tex/latex/hycolor/hycolor.sty
Package: hycolor 2020-01-27 v1.10 Color options for hyperref/bookmark (HO)
) (c:/texlive/2021/texmf-dist/tex/latex/letltxmacro/letltxmacro.sty
Package: letltxmacro 2019/12/03 v1.6 Let assignment for LaTeX macros (HO)
) (c:/texlive/2021/texmf-dist/tex/latex/auxhook/auxhook.sty
Package: auxhook 2019-12-17 v1.6 Hooks for auxiliary files (HO)
) (c:/texlive/2021/texmf-dist/tex/latex/kvoptions/kvoptions.sty
Package: kvoptions 2020-10-07 v3.14 Key value format for package options (HO)
)
\@linkdim=\dimen173
\Hy@linkcounter=\count280
\Hy@pagecounter=\count281
 (c:/texlive/2021/texmf-dist/tex/latex/hyperref/pd1enc.def
File: pd1enc.def 2021-06-07 v7.00m Hyperref: PDFDocEncoding definition (HO)
Now handling font encoding PD1 ...
... no UTF-8 mapping file for font encoding PD1
) (c:/texlive/2021/texmf-dist/tex/latex/hyperref/hyperref-langpatches.def
File: hyperref-langpatches.def 2021-06-07 v7.00m Hyperref: patches for babel languages
) (c:/texlive/2021/texmf-dist/tex/generic/intcalc/intcalc.sty
Package: intcalc 2019/12/15 v1.3 Expandable calculations with integers (HO)
) (c:/texlive/2021/texmf-dist/tex/generic/etexcmds/etexcmds.sty
Package: etexcmds 2019/12/15 v1.7 Avoid name clashes with e-TeX commands (HO)
)
\Hy@SavedSpaceFactor=\count282
 (c:/texlive/2021/texmf-dist/tex/latex/hyperref/puenc.def
File: puenc.def 2021-06-07 v7.00m Hyperref: PDF Unicode definition (HO)
Now handling font encoding PU ...
... no UTF-8 mapping file for font encoding PU
)
Package hyperref Info: Hyper figures OFF on input line 4192.
Package hyperref Info: Link nesting OFF on input line 4197.
Package hyperref Info: Hyper index ON on input line 4200.
Package hyperref Info: Plain pages OFF on input line 4207.
Package hyperref Info: Backreferencing OFF on input line 4212.
Package hyperref Info: Implicit mode ON; LaTeX internals redefined.
Package hyperref Info: Bookmarks ON on input line 4445.
\c@Hy@tempcnt=\count283
 (c:/texlive/2021/texmf-dist/tex/latex/url/url.sty
\Urlmuskip=\muskip17
Package: url 2013/09/16  ver 3.4  Verb mode for urls, etc.
)
LaTeX Info: Redefining \url on input line 4804.
\XeTeXLinkMargin=\dimen174
 (c:/texlive/2021/texmf-dist/tex/generic/bitset/bitset.sty
Package: bitset 2019/12/09 v1.3 Handle bit-vector datatype (HO)
 (c:/texlive/2021/texmf-dist/tex/generic/bigintcalc/bigintcalc.sty
Package: bigintcalc 2019/12/15 v1.5 Expandable calculations on big integers (HO)
))
\Fld@menulength=\count284
\Field@Width=\dimen175
\Fld@charsize=\dimen176
Package hyperref Info: Hyper figures OFF on input line 6076.
Package hyperref Info: Link nesting OFF on input line 6081.
Package hyperref Info: Hyper index ON on input line 6084.
Package hyperref Info: backreferencing OFF on input line 6091.
Package hyperref Info: Link coloring OFF on input line 6096.
Package hyperref Info: Link coloring with OCG OFF on input line 6101.
Package hyperref Info: PDF/A mode OFF on input line 6106.
LaTeX Info: Redefining \ref on input line 6146.
LaTeX Info: Redefining \pageref on input line 6150.
 (c:/texlive/2021/texmf-dist/tex/latex/base/atbegshi-ltx.sty
Package: atbegshi-ltx 2021/01/10 v1.0c Emulation of the original atbegshi
package with kernel methods
)
\Hy@abspage=\count285
\c@Item=\count286
\c@Hfootnote=\count287
)
Package hyperref Info: Driver (autodetected): hpdftex.
 (c:/texlive/2021/texmf-dist/tex/latex/hyperref/hpdftex.def
File: hpdftex.def 2021-06-07 v7.00m Hyperref driver for pdfTeX
 (c:/texlive/2021/texmf-dist/tex/latex/base/atveryend-ltx.sty
Package: atveryend-ltx 2020/08/19 v1.0a Emulation of the original atveryend package
with kernel methods
)
\Fld@listcount=\count288
\c@bookmark@seq@number=\count289
 (c:/texlive/2021/texmf-dist/tex/latex/rerunfilecheck/rerunfilecheck.sty
Package: rerunfilecheck 2019/12/05 v1.9 Rerun checks for auxiliary files (HO)
 (c:/texlive/2021/texmf-dist/tex/generic/uniquecounter/uniquecounter.sty
Package: uniquecounter 2019/12/15 v1.4 Provide unlimited unique counter (HO)
)
Package uniquecounter Info: New unique counter `rerunfilecheck' on input line 286.
)
\Hy@SectionHShift=\skip55
) (c:/texlive/2021/texmf-dist/tex/latex/pgf/frontendlayer/tikz.sty (c:/texlive/2021/texmf-dist/tex/latex/pgf/basiclayer/pgf.sty (c:/texlive/2021/texmf-dist/tex/latex/pgf/utilities/pgfrcs.sty (c:/texlive/2021/texmf-dist/tex/generic/pgf/utilities/pgfutil-common.tex
\pgfutil@everybye=\toks23
\pgfutil@tempdima=\dimen177
\pgfutil@tempdimb=\dimen178
 (c:/texlive/2021/texmf-dist/tex/generic/pgf/utilities/pgfutil-common-lists.tex)) (c:/texlive/2021/texmf-dist/tex/generic/pgf/utilities/pgfutil-latex.def
\pgfutil@abb=\box54
) (c:/texlive/2021/texmf-dist/tex/generic/pgf/utilities/pgfrcs.code.tex (c:/texlive/2021/texmf-dist/tex/generic/pgf/pgf.revision.tex)
Package: pgfrcs 2021/05/15 v3.1.9a (3.1.9a)
))
Package: pgf 2021/05/15 v3.1.9a (3.1.9a)
 (c:/texlive/2021/texmf-dist/tex/latex/pgf/basiclayer/pgfcore.sty (c:/texlive/2021/texmf-dist/tex/latex/pgf/systemlayer/pgfsys.sty (c:/texlive/2021/texmf-dist/tex/generic/pgf/systemlayer/pgfsys.code.tex
Package: pgfsys 2021/05/15 v3.1.9a (3.1.9a)
 (c:/texlive/2021/texmf-dist/tex/generic/pgf/utilities/pgfkeys.code.tex
\pgfkeys@pathtoks=\toks24
\pgfkeys@temptoks=\toks25
 (c:/texlive/2021/texmf-dist/tex/generic/pgf/utilities/pgfkeysfiltered.code.tex
\pgfkeys@tmptoks=\toks26
))
\pgf@x=\dimen179
\pgf@y=\dimen180
\pgf@xa=\dimen181
\pgf@ya=\dimen182
\pgf@xb=\dimen183
\pgf@yb=\dimen184
\pgf@xc=\dimen185
\pgf@yc=\dimen186
\pgf@xd=\dimen187
\pgf@yd=\dimen188
\w@pgf@writea=\write3
\r@pgf@reada=\read2
\c@pgf@counta=\count290
\c@pgf@countb=\count291
\c@pgf@countc=\count292
\c@pgf@countd=\count293
\t@pgf@toka=\toks27
\t@pgf@tokb=\toks28
\t@pgf@tokc=\toks29
\pgf@sys@id@count=\count294
 (c:/texlive/2021/texmf-dist/tex/generic/pgf/systemlayer/pgf.cfg
File: pgf.cfg 2021/05/15 v3.1.9a (3.1.9a)
)
Driver file for pgf: pgfsys-pdftex.def
 (c:/texlive/2021/texmf-dist/tex/generic/pgf/systemlayer/pgfsys-pdftex.def
File: pgfsys-pdftex.def 2021/05/15 v3.1.9a (3.1.9a)
 (c:/texlive/2021/texmf-dist/tex/generic/pgf/systemlayer/pgfsys-common-pdf.def
File: pgfsys-common-pdf.def 2021/05/15 v3.1.9a (3.1.9a)
))) (c:/texlive/2021/texmf-dist/tex/generic/pgf/systemlayer/pgfsyssoftpath.code.tex
File: pgfsyssoftpath.code.tex 2021/05/15 v3.1.9a (3.1.9a)
\pgfsyssoftpath@smallbuffer@items=\count295
\pgfsyssoftpath@bigbuffer@items=\count296
) (c:/texlive/2021/texmf-dist/tex/generic/pgf/systemlayer/pgfsysprotocol.code.tex
File: pgfsysprotocol.code.tex 2021/05/15 v3.1.9a (3.1.9a)
)) (c:/texlive/2021/texmf-dist/tex/generic/pgf/basiclayer/pgfcore.code.tex
Package: pgfcore 2021/05/15 v3.1.9a (3.1.9a)
 (c:/texlive/2021/texmf-dist/tex/generic/pgf/math/pgfmath.code.tex (c:/texlive/2021/texmf-dist/tex/generic/pgf/math/pgfmathcalc.code.tex (c:/texlive/2021/texmf-dist/tex/generic/pgf/math/pgfmathutil.code.tex) (c:/texlive/2021/texmf-dist/tex/generic/pgf/math/pgfmathparser.code.tex
\pgfmath@dimen=\dimen189
\pgfmath@count=\count297
\pgfmath@box=\box55
\pgfmath@toks=\toks30
\pgfmath@stack@operand=\toks31
\pgfmath@stack@operation=\toks32
) (c:/texlive/2021/texmf-dist/tex/generic/pgf/math/pgfmathfunctions.code.tex (c:/texlive/2021/texmf-dist/tex/generic/pgf/math/pgfmathfunctions.basic.code.tex) (c:/texlive/2021/texmf-dist/tex/generic/pgf/math/pgfmathfunctions.trigonometric.code.tex) (c:/texlive/2021/texmf-dist/tex/generic/pgf/math/pgfmathfunctions.random.code.tex) (c:/texlive/2021/texmf-dist/tex/generic/pgf/math/pgfmathfunctions.comparison.code.tex) (c:/texlive/2021/texmf-dist/tex/generic/pgf/math/pgfmathfunctions.base.code.tex) (c:/texlive/2021/texmf-dist/tex/generic/pgf/math/pgfmathfunctions.round.code.tex) (c:/texlive/2021/texmf-dist/tex/generic/pgf/math/pgfmathfunctions.misc.code.tex) (c:/texlive/2021/texmf-dist/tex/generic/pgf/math/pgfmathfunctions.integerarithmetics.code.tex))) (c:/texlive/2021/texmf-dist/tex/generic/pgf/math/pgfmathfloat.code.tex
\c@pgfmathroundto@lastzeros=\count298
)) (c:/texlive/2021/texmf-dist/tex/generic/pgf/math/pgfint.code.tex) (c:/texlive/2021/texmf-dist/tex/generic/pgf/basiclayer/pgfcorepoints.code.tex
File: pgfcorepoints.code.tex 2021/05/15 v3.1.9a (3.1.9a)
\pgf@picminx=\dimen190
\pgf@picmaxx=\dimen191
\pgf@picminy=\dimen192
\pgf@picmaxy=\dimen193
\pgf@pathminx=\dimen194
\pgf@pathmaxx=\dimen195
\pgf@pathminy=\dimen196
\pgf@pathmaxy=\dimen197
\pgf@xx=\dimen198
\pgf@xy=\dimen199
\pgf@yx=\dimen256
\pgf@yy=\dimen257
\pgf@zx=\dimen258
\pgf@zy=\dimen259
) (c:/texlive/2021/texmf-dist/tex/generic/pgf/basiclayer/pgfcorepathconstruct.code.tex
File: pgfcorepathconstruct.code.tex 2021/05/15 v3.1.9a (3.1.9a)
\pgf@path@lastx=\dimen260
\pgf@path@lasty=\dimen261
) (c:/texlive/2021/texmf-dist/tex/generic/pgf/basiclayer/pgfcorepathusage.code.tex
File: pgfcorepathusage.code.tex 2021/05/15 v3.1.9a (3.1.9a)
\pgf@shorten@end@additional=\dimen262
\pgf@shorten@start@additional=\dimen263
) (c:/texlive/2021/texmf-dist/tex/generic/pgf/basiclayer/pgfcorescopes.code.tex
File: pgfcorescopes.code.tex 2021/05/15 v3.1.9a (3.1.9a)
\pgfpic=\box56
\pgf@hbox=\box57
\pgf@layerbox@main=\box58
\pgf@picture@serial@count=\count299
) (c:/texlive/2021/texmf-dist/tex/generic/pgf/basiclayer/pgfcoregraphicstate.code.tex
File: pgfcoregraphicstate.code.tex 2021/05/15 v3.1.9a (3.1.9a)
\pgflinewidth=\dimen264
) (c:/texlive/2021/texmf-dist/tex/generic/pgf/basiclayer/pgfcoretransformations.code.tex
File: pgfcoretransformations.code.tex 2021/05/15 v3.1.9a (3.1.9a)
\pgf@pt@x=\dimen265
\pgf@pt@y=\dimen266
\pgf@pt@temp=\dimen267
) (c:/texlive/2021/texmf-dist/tex/generic/pgf/basiclayer/pgfcorequick.code.tex
File: pgfcorequick.code.tex 2021/05/15 v3.1.9a (3.1.9a)
) (c:/texlive/2021/texmf-dist/tex/generic/pgf/basiclayer/pgfcoreobjects.code.tex
File: pgfcoreobjects.code.tex 2021/05/15 v3.1.9a (3.1.9a)
) (c:/texlive/2021/texmf-dist/tex/generic/pgf/basiclayer/pgfcorepathprocessing.code.tex
File: pgfcorepathprocessing.code.tex 2021/05/15 v3.1.9a (3.1.9a)
) (c:/texlive/2021/texmf-dist/tex/generic/pgf/basiclayer/pgfcorearrows.code.tex
File: pgfcorearrows.code.tex 2021/05/15 v3.1.9a (3.1.9a)
\pgfarrowsep=\dimen268
) (c:/texlive/2021/texmf-dist/tex/generic/pgf/basiclayer/pgfcoreshade.code.tex
File: pgfcoreshade.code.tex 2021/05/15 v3.1.9a (3.1.9a)
\pgf@max=\dimen269
\pgf@sys@shading@range@num=\count300
\pgf@shadingcount=\count301
) (c:/texlive/2021/texmf-dist/tex/generic/pgf/basiclayer/pgfcoreimage.code.tex
File: pgfcoreimage.code.tex 2021/05/15 v3.1.9a (3.1.9a)
 (c:/texlive/2021/texmf-dist/tex/generic/pgf/basiclayer/pgfcoreexternal.code.tex
File: pgfcoreexternal.code.tex 2021/05/15 v3.1.9a (3.1.9a)
\pgfexternal@startupbox=\box59
)) (c:/texlive/2021/texmf-dist/tex/generic/pgf/basiclayer/pgfcorelayers.code.tex
File: pgfcorelayers.code.tex 2021/05/15 v3.1.9a (3.1.9a)
) (c:/texlive/2021/texmf-dist/tex/generic/pgf/basiclayer/pgfcoretransparency.code.tex
File: pgfcoretransparency.code.tex 2021/05/15 v3.1.9a (3.1.9a)
) (c:/texlive/2021/texmf-dist/tex/generic/pgf/basiclayer/pgfcorepatterns.code.tex
File: pgfcorepatterns.code.tex 2021/05/15 v3.1.9a (3.1.9a)
) (c:/texlive/2021/texmf-dist/tex/generic/pgf/basiclayer/pgfcorerdf.code.tex
File: pgfcorerdf.code.tex 2021/05/15 v3.1.9a (3.1.9a)
))) (c:/texlive/2021/texmf-dist/tex/generic/pgf/modules/pgfmoduleshapes.code.tex
File: pgfmoduleshapes.code.tex 2021/05/15 v3.1.9a (3.1.9a)
\pgfnodeparttextbox=\box60
) (c:/texlive/2021/texmf-dist/tex/generic/pgf/modules/pgfmoduleplot.code.tex
File: pgfmoduleplot.code.tex 2021/05/15 v3.1.9a (3.1.9a)
) (c:/texlive/2021/texmf-dist/tex/latex/pgf/compatibility/pgfcomp-version-0-65.sty
Package: pgfcomp-version-0-65 2021/05/15 v3.1.9a (3.1.9a)
\pgf@nodesepstart=\dimen270
\pgf@nodesepend=\dimen271
) (c:/texlive/2021/texmf-dist/tex/latex/pgf/compatibility/pgfcomp-version-1-18.sty
Package: pgfcomp-version-1-18 2021/05/15 v3.1.9a (3.1.9a)
)) (c:/texlive/2021/texmf-dist/tex/latex/pgf/utilities/pgffor.sty (c:/texlive/2021/texmf-dist/tex/latex/pgf/utilities/pgfkeys.sty (c:/texlive/2021/texmf-dist/tex/generic/pgf/utilities/pgfkeys.code.tex)) (c:/texlive/2021/texmf-dist/tex/latex/pgf/math/pgfmath.sty (c:/texlive/2021/texmf-dist/tex/generic/pgf/math/pgfmath.code.tex)) (c:/texlive/2021/texmf-dist/tex/generic/pgf/utilities/pgffor.code.tex
Package: pgffor 2021/05/15 v3.1.9a (3.1.9a)
 (c:/texlive/2021/texmf-dist/tex/generic/pgf/math/pgfmath.code.tex)
\pgffor@iter=\dimen272
\pgffor@skip=\dimen273
\pgffor@stack=\toks33
\pgffor@toks=\toks34
)) (c:/texlive/2021/texmf-dist/tex/generic/pgf/frontendlayer/tikz/tikz.code.tex
Package: tikz 2021/05/15 v3.1.9a (3.1.9a)
 (c:/texlive/2021/texmf-dist/tex/generic/pgf/libraries/pgflibraryplothandlers.code.tex
File: pgflibraryplothandlers.code.tex 2021/05/15 v3.1.9a (3.1.9a)
\pgf@plot@mark@count=\count302
\pgfplotmarksize=\dimen274
)
\tikz@lastx=\dimen275
\tikz@lasty=\dimen276
\tikz@lastxsaved=\dimen277
\tikz@lastysaved=\dimen278
\tikz@lastmovetox=\dimen279
\tikz@lastmovetoy=\dimen280
\tikzleveldistance=\dimen281
\tikzsiblingdistance=\dimen282
\tikz@figbox=\box61
\tikz@figbox@bg=\box62
\tikz@tempbox=\box63
\tikz@tempbox@bg=\box64
\tikztreelevel=\count303
\tikznumberofchildren=\count304
\tikznumberofcurrentchild=\count305
\tikz@fig@count=\count306
 (c:/texlive/2021/texmf-dist/tex/generic/pgf/modules/pgfmodulematrix.code.tex
File: pgfmodulematrix.code.tex 2021/05/15 v3.1.9a (3.1.9a)
\pgfmatrixcurrentrow=\count307
\pgfmatrixcurrentcolumn=\count308
\pgf@matrix@numberofcolumns=\count309
)
\tikz@expandcount=\count310
 (c:/texlive/2021/texmf-dist/tex/generic/pgf/frontendlayer/tikz/libraries/tikzlibrarytopaths.code.tex
File: tikzlibrarytopaths.code.tex 2021/05/15 v3.1.9a (3.1.9a)
))) (c:/texlive/2021/texmf-dist/tex/generic/pgf/frontendlayer/tikz/libraries/tikzlibrarysvg.path.code.tex
File: tikzlibrarysvg.path.code.tex 2021/05/15 v3.1.9a (3.1.9a)
 (c:/texlive/2021/texmf-dist/tex/generic/pgf/libraries/pgflibrarysvg.path.code.tex
File: pgflibrarysvg.path.code.tex 2021/05/15 v3.1.9a (3.1.9a)
 (c:/texlive/2021/texmf-dist/tex/generic/pgf/modules/pgfmoduleparser.code.tex
File: pgfmoduleparser.code.tex 2021/05/15 v3.1.9a (3.1.9a)
\pgfparserdef@arg@count=\count311
)
\pgf@lib@svg@last@x=\dimen283
\pgf@lib@svg@last@y=\dimen284
\pgf@lib@svg@last@c@x=\dimen285
\pgf@lib@svg@last@c@y=\dimen286
\pgf@lib@svg@count=\count312
\pgf@lib@svg@max@num=\count313
))
\@curXheight=\skip56
) (c:/texlive/2021/texmf-dist/tex/latex/l3backend/l3backend-pdftex.def
File: l3backend-pdftex.def 2021-10-18 L3 backend support: PDF output (pdfTeX)
\l__color_backend_stack_int=\count314
\l__pdf_internal_box=\box65
) (./Final_Report.aux)
\openout1 = `Final_Report.aux'.

LaTeX Font Info:    Checking defaults for OML/cmm/m/it on input line 14.
LaTeX Font Info:    ... okay on input line 14.
LaTeX Font Info:    Checking defaults for OMS/cmsy/m/n on input line 14.
LaTeX Font Info:    ... okay on input line 14.
LaTeX Font Info:    Checking defaults for OT1/cmr/m/n on input line 14.
LaTeX Font Info:    ... okay on input line 14.
LaTeX Font Info:    Checking defaults for T1/cmr/m/n on input line 14.
LaTeX Font Info:    ... okay on input line 14.
LaTeX Font Info:    Checking defaults for TS1/cmr/m/n on input line 14.
LaTeX Font Info:    ... okay on input line 14.
LaTeX Font Info:    Checking defaults for OMX/cmex/m/n on input line 14.
LaTeX Font Info:    ... okay on input line 14.
LaTeX Font Info:    Checking defaults for U/cmr/m/n on input line 14.
LaTeX Font Info:    ... okay on input line 14.
LaTeX Font Info:    Checking defaults for PD1/pdf/m/n on input line 14.
LaTeX Font Info:    ... okay on input line 14.
LaTeX Font Info:    Checking defaults for PU/pdf/m/n on input line 14.
LaTeX Font Info:    ... okay on input line 14.

-- Lines per column: 58 (exact).
(c:/texlive/2021/texmf-dist/tex/context/base/mkii/supp-pdf.mkii
[Loading MPS to PDF converter (version 2006.09.02).]
\scratchcounter=\count315
\scratchdimen=\dimen287
\scratchbox=\box66
\nofMPsegments=\count316
\nofMParguments=\count317
\everyMPshowfont=\toks35
\MPscratchCnt=\count318
\MPscratchDim=\dimen288
\MPnumerator=\count319
\makeMPintoPDFobject=\count320
\everyMPtoPDFconversion=\toks36
) (c:/texlive/2021/texmf-dist/tex/latex/epstopdf-pkg/epstopdf-base.sty
Package: epstopdf-base 2020-01-24 v2.11 Base part for package epstopdf
Package epstopdf-base Info: Redefining graphics rule for `.eps' on input line 485.
 (c:/texlive/2021/texmf-dist/tex/latex/latexconfig/epstopdf-sys.cfg
File: epstopdf-sys.cfg 2010/07/13 v1.3 Configuration of (r)epstopdf for TeX Live
))
Package hyperref Info: Link coloring OFF on input line 14.
 (c:/texlive/2021/texmf-dist/tex/latex/hyperref/nameref.sty
Package: nameref 2021-04-02 v2.47 Cross-referencing by name of section
 (c:/texlive/2021/texmf-dist/tex/latex/refcount/refcount.sty
Package: refcount 2019/12/15 v3.6 Data extraction from label references (HO)
) (c:/texlive/2021/texmf-dist/tex/generic/gettitlestring/gettitlestring.sty
Package: gettitlestring 2019/12/15 v1.6 Cleanup title references (HO)
)
\c@section@level=\count321
)
LaTeX Info: Redefining \ref on input line 14.
LaTeX Info: Redefining \pageref on input line 14.
LaTeX Info: Redefining \nameref on input line 14.
 (./Final_Report.out) (./Final_Report.out)
\@outlinefile=\write4
\openout4 = `Final_Report.out'.

LaTeX Font Info:    Trying to load font information for U+msa on input line 36.
 (c:/texlive/2021/texmf-dist/tex/latex/amsfonts/umsa.fd
File: umsa.fd 2013/01/14 v3.01 AMS symbols A
)
LaTeX Font Info:    Trying to load font information for U+msb on input line 36.
 (c:/texlive/2021/texmf-dist/tex/latex/amsfonts/umsb.fd
File: umsb.fd 2013/01/14 v3.01 AMS symbols B
)
LaTeX Font Info:    Calculating math sizes for size <11> on input line 36.

** WARNING: \and is valid only when in conference or peerreviewca
modes (line 36).

Underfull \hbox (badness 3068) in paragraph at lines 63--66
[]\OT1/ptm/m/n/10 Pour le hard-ware du pro-jet, nous avons d[]ecid[]e de
 []

<hardware1.png, id=56, 185.6025pt x 206.6265pt>
File: hardware1.png Graphic file (type png)
<use hardware1.png>
Package pdftex.def Info: hardware1.png  used on input line 68.
(pdftex.def)             Requested size: 185.60204pt x 206.62598pt.

Underfull \hbox (badness 10000) in paragraph at lines 73--76

 []

[1{c:/texlive/2021/texmf-var/fonts/map/pdftex/updmap/pdftex.map}


 <./hardware1.png>]
<hardware2.png, id=74, 225.84375pt x 106.89937pt>
File: hardware2.png Graphic file (type png)
<use hardware2.png>
Package pdftex.def Info: hardware2.png  used on input line 83.
(pdftex.def)             Requested size: 225.84319pt x 106.8991pt.
<Trottoir_Flowchart_arduino.drawio.png, id=76, 1221.56375pt x 884.30376pt>
File: Trottoir_Flowchart_arduino.drawio.png Graphic file (type png)
<use Trottoir_Flowchart_arduino.drawio.png>
Package pdftex.def Info: Trottoir_Flowchart_arduino.drawio.png  used on input line 99.
(pdftex.def)             Requested size: 244.30843pt x 176.85762pt.
<Matrice_décisions.PNG, id=77, 953.06062pt x 359.3425pt>
File: Matrice_décisions.PNG Graphic file (type png)
<use Matrice_décisions.PNG>
Package pdftex.def Info: Matrice_décisions.PNG  used on input line 120.
(pdftex.def)             Requested size: 285.9204pt x 107.80357pt.
<Trottoir_Flowchart.drawio.png, id=78, 750.805pt x 935.495pt>
File: Trottoir_Flowchart.drawio.png Graphic file (type png)
<use Trottoir_Flowchart.drawio.png>
Package pdftex.def Info: Trottoir_Flowchart.drawio.png  used on input line 130.
(pdftex.def)             Requested size: 135.13907pt x 168.38182pt.
 [2 <./hardware2.png> <./Trottoir_Flowchart_arduino.drawio.png> <./Matrice_décisions.PNG> <./Trottoir_Flowchart.drawio.png>]
<react_dashboard.PNG, id=100, 1082.8455pt x 361.35pt>
File: react_dashboard.PNG Graphic file (type png)
<use react_dashboard.PNG>
Package pdftex.def Info: react_dashboard.PNG  used on input line 153.
(pdftex.def)             Requested size: 194.90378pt x 65.04019pt.

Underfull \hbox (badness 10000) in paragraph at lines 151--158

 []


Underfull \hbox (badness 3240) in paragraph at lines 168--169
[]\OT1/ptm/m/n/10 Probl[]eme de syn-chro-ni-sa-tion de la bau-drate en-tre
 []


Underfull \hbox (badness 10000) in paragraph at lines 186--187
\OT1/ptm/m/n/8 Et Lutte Con-tre Les Change-ments Cli-ma-tiques, Qu[]ebec,
 []


Underfull \hbox (badness 10000) in paragraph at lines 186--187
\OT1/ptm/m/n/8 https://www.environnement.gouv.qc.ca/jeunesse/chronique/2005/0503-
 []


Underfull \hbox (badness 6396) in paragraph at lines 189--190
[]\OT1/ptm/m/n/8 \How HC-SR501 PIR Sen-sor Works and How To In-ter-face
 []


Underfull \hbox (badness 10000) in paragraph at lines 189--190
\OT1/ptm/m/n/8 It With Ar-duino," Last Minute En-gi-neers, Jul. 03, 2018.
 []


Underfull \hbox (badness 10000) in paragraph at lines 189--190
\OT1/ptm/m/n/8 https://lastminuteengineers.com/pir-sensor-arduino-tutorial/ (ac-cessed
 []

[3 <./react_dashboard.PNG>] (./Final_Report.aux)
Package rerunfilecheck Info: File `Final_Report.out' has not changed.
(rerunfilecheck)             Checksum: 5CBD1EDB269A43EF2AA6DB605730EF55;1323.
 ) 
Here is how much of TeX's memory you used:
 21432 strings out of 478353
 404605 string characters out of 5852101
 682716 words of memory out of 5000000
 39159 multiletter control sequences out of 15000+600000
 445815 words of font info for 113 fonts, out of 8000000 for 9000
 1141 hyphenation exceptions out of 8191
 99i,9n,94p,526b,822s stack positions out of 5000i,500n,10000p,200000b,80000s
{c:/texlive/2021/texmf-dist/fonts/enc/dvips/base/8r.enc}<c:/texlive/2021/texmf-dist/fonts/type1/public/amsfonts/cm/cmex10.pfb><c:/texlive/2021/texmf-dist/fonts/type1/public/amsfonts/cm/cmmi10.pfb><c:/texlive/2021/texmf-dist/fonts/type1/public/amsfonts/cm/cmmi7.pfb><c:/texlive/2021/texmf-dist/fonts/type1/public/amsfonts/cm/cmr10.pfb><c:/texlive/2021/texmf-dist/fonts/type1/public/amsfonts/cm/cmr7.pfb><c:/texlive/2021/texmf-dist/fonts/type1/public/amsfonts/cm/cmsy10.pfb><c:/texlive/2021/texmf-dist/fonts/type1/public/amsfonts/cm/cmsy7.pfb><c:/texlive/2021/texmf-dist/fonts/type1/urw/times/utmb8a.pfb><c:/texlive/2021/texmf-dist/fonts/type1/urw/times/utmbi8a.pfb><c:/texlive/2021/texmf-dist/fonts/type1/urw/times/utmr8a.pfb><c:/texlive/2021/texmf-dist/fonts/type1/urw/times/utmri8a.pfb>
Output written on Final_Report.pdf (3 pages, 701583 bytes).
PDF statistics:
 169 PDF objects out of 1000 (max. 8388607)
 126 compressed objects within 2 object streams
 31 named destinations out of 1000 (max. 500000)
 131 words of extra memory for PDF output out of 10000 (max. 10000000)

